<!DOCTYPE html PUBLIC "-//W3C//DTD XHTML 1.1//EN" "http://www.w3.org/TR/xhtml11/DTD/xhtml11.dtd">
<html xmlns="http://www.w3.org/1999/xhtml"><head><title>TestNG Report</title><style type="text/css">table {margin-bottom:10px;border-collapse:collapse;empty-cells:show}th,td {border:1px solid #009;padding:.25em .5em}th {vertical-align:bottom}td {vertical-align:top}table a {font-weight:bold}.stripe td {background-color: #E6EBF9}.num {text-align:right}.passedodd td {background-color: #3F3}.passedeven td {background-color: #0A0}.skippedodd td {background-color: #DDD}.skippedeven td {background-color: #CCC}.failedodd td,.attn {background-color: #F33}.failedeven td,.stripe .attn {background-color: #D00}.stacktrace {white-space:pre;font-family:monospace}.totop {font-size:85%;text-align:center;border-bottom:2px solid #000}</style></head><body><table><tr><th>Test</th><th># Passed</th><th># Skipped</th><th># Failed</th><th>Time (ms)</th><th>Included Groups</th><th>Excluded Groups</th></tr><tr><th colspan="7">Firefox Suite</th></tr><tr><td><a href="#t0">Firefox Test</a></td><td class="num">4</td><td class="num">0</td><td class="num attn">1</td><td class="num">117,026</td><td></td><td></td></tr><tr><th colspan="7">Chrome Suite</th></tr><tr class="stripe"><td><a href="#t1">Chrome Test</a></td><td class="num">4</td><td class="num">0</td><td class="num attn">1</td><td class="num">82,147</td><td></td><td></td></tr><tr><th>Total</th><th class="num">8</th><th class="num">0</th><th class="num attn">2</th><th class="num">199,173</th><th colspan="2"></th></tr></table><table><thead><tr><th>Class</th><th>Method</th><th>Start</th><th>Time (ms)</th></tr></thead><tbody><tr><th colspan="4">Firefox Suite</th></tr></tbody><tbody id="t0"><tr><th colspan="4">Firefox Test &#8212; failed</th></tr><tr class="failedeven"><td rowspan="1">com.etouch.tivopoc.pages.test.TestTivo</td><td><a href="#m0">testSearchForAShow</a></td><td rowspan="1">1429652622970</td><td rowspan="1">13407</td></tr><tr><th colspan="4">Firefox Test &#8212; passed</th></tr><tr class="passedeven"><td rowspan="4">com.etouch.tivopoc.pages.test.TestTivo</td><td><a href="#m1">testAddAShow</a></td><td rowspan="1">1429652574660</td><td rowspan="1">28854</td></tr><tr class="passedeven"><td><a href="#m2">testDeleteAShow</a></td><td rowspan="1">1429652603515</td><td rowspan="1">18651</td></tr><tr class="passedeven"><td><a href="#m3">testSignIn</a></td><td rowspan="1">1429652530169</td><td rowspan="1">44488</td></tr><tr class="passedeven"><td><a href="#m4">testsignOut</a></td><td rowspan="1">1429652636379</td><td rowspan="1">7212</td></tr></tbody><tbody><tr><th colspan="4">Chrome Suite</th></tr></tbody><tbody id="t1"><tr><th colspan="4">Chrome Test &#8212; failed</th></tr><tr class="failedeven"><td rowspan="1">com.etouch.tivopoc.pages.test.TestTivo</td><td><a href="#m5">testSearchForAShow</a></td><td rowspan="1">1429652713848</td><td rowspan="1">7926</td></tr><tr><th colspan="4">Chrome Test &#8212; passed</th></tr><tr class="passedeven"><td rowspan="4">com.etouch.tivopoc.pages.test.TestTivo</td><td><a href="#m6">testAddAShow</a></td><td rowspan="1">1429652674779</td><td rowspan="1">20562</td></tr><tr class="passedeven"><td><a href="#m7">testDeleteAShow</a></td><td rowspan="1">1429652695343</td><td rowspan="1">18503</td></tr><tr class="passedeven"><td><a href="#m8">testSignIn</a></td><td rowspan="1">1429652657611</td><td rowspan="1">17166</td></tr><tr class="passedeven"><td><a href="#m9">testsignOut</a></td><td rowspan="1">1429652721777</td><td rowspan="1">12153</td></tr></tbody></table><h2>Firefox Test</h2><h3 id="m0">com.etouch.tivopoc.pages.test.TestTivo#testSearchForAShow</h3><table class="result"><tr class="param"><th>Parameter #1</th></tr><tr class="param stripe"><td>com.etouch.taf.core.datamanager.excel.TestParameters@1763fb5b</td></tr><tr><th>Exception</th></tr><tr><td><div class="stacktrace">java.lang.AssertionError: searchForAShow-AssertErrorMsg: Exception msg: expected [House of Cards] but found [No search results found for: House of Cards]
deleteAShow-AssertErrorMsg: Exception msg: expected [The Big Bang Theory] but found [The Simpsons]

	at com.etouch.taf.util.SoftAssertor.displayErrors(SoftAssertor.java:198)
	at com.etouch.tivopoc.pages.test.TestTivo.testSearchForAShow(TestTivo.java:163)
	at com.etouch.taf.core.TestBedManager.executeTestNG(TestBedManager.java:133)
	at com.etouch.tivopoc.common.TestTivoPOCUnit.initialize(TestTivoPOCUnit.java:80)
	at com.etouch.tivopoc.common.TestTivoPOCUnit.test(TestTivoPOCUnit.java:50)
	at junit.framework.TestCase.runTest(TestCase.java:176)
	at junit.framework.TestCase.runBare(TestCase.java:141)
	at junit.framework.TestResult$1.protect(TestResult.java:122)
	at junit.framework.TestResult.runProtected(TestResult.java:142)
	at junit.framework.TestResult.run(TestResult.java:125)
	at junit.framework.TestCase.run(TestCase.java:129)
	at junit.framework.TestSuite.runTest(TestSuite.java:255)
	at junit.framework.TestSuite.run(TestSuite.java:250)
	at org.junit.internal.runners.JUnit38ClassRunner.run(JUnit38ClassRunner.java:84)
	at org.junit.runners.Suite.runChild(Suite.java:127)
	at org.junit.runners.Suite.runChild(Suite.java:26)
	at org.junit.runners.ParentRunner$3.run(ParentRunner.java:238)
	at org.junit.runners.ParentRunner$1.schedule(ParentRunner.java:63)
	at org.junit.runners.ParentRunner.runChildren(ParentRunner.java:236)
	at org.junit.runners.ParentRunner.access$000(ParentRunner.java:53)
	at org.junit.runners.ParentRunner$2.evaluate(ParentRunner.java:229)
	at org.junit.runners.ParentRunner.run(ParentRunner.java:309)
	at org.junit.runner.JUnitCore.run(JUnitCore.java:160)
	at org.junit.runner.JUnitCore.run(JUnitCore.java:138)
... Removed 33 stack frames</div></td></tr></table><p class="totop"><a href="#summary">back to summary</a></p><h3 id="m1">com.etouch.tivopoc.pages.test.TestTivo#testAddAShow</h3><table class="result"></table><p class="totop"><a href="#summary">back to summary</a></p><h3 id="m2">com.etouch.tivopoc.pages.test.TestTivo#testDeleteAShow</h3><table class="result"></table><p class="totop"><a href="#summary">back to summary</a></p><h3 id="m3">com.etouch.tivopoc.pages.test.TestTivo#testSignIn</h3><table class="result"></table><p class="totop"><a href="#summary">back to summary</a></p><h3 id="m4">com.etouch.tivopoc.pages.test.TestTivo#testsignOut</h3><table class="result"></table><p class="totop"><a href="#summary">back to summary</a></p><h2>Chrome Test</h2><h3 id="m5">com.etouch.tivopoc.pages.test.TestTivo#testSearchForAShow</h3><table class="result"><tr class="param"><th>Parameter #1</th></tr><tr class="param stripe"><td>com.etouch.taf.core.datamanager.excel.TestParameters@1763fb5b</td></tr><tr><th>Exception</th></tr><tr><td><div class="stacktrace">java.lang.AssertionError: searchForAShow-AssertErrorMsg: Exception msg: expected [House of Cards] but found [No search results found for: House of Cards]
deleteAShow-AssertErrorMsg: Exception msg: expected [The Big Bang Theory] but found [The Simpsons]

	at com.etouch.taf.util.SoftAssertor.displayErrors(SoftAssertor.java:198)
	at com.etouch.tivopoc.pages.test.TestTivo.testSearchForAShow(TestTivo.java:163)
	at com.etouch.taf.core.TestBedManager.executeTestNG(TestBedManager.java:133)
	at com.etouch.tivopoc.common.TestTivoPOCUnit.initialize(TestTivoPOCUnit.java:80)
	at com.etouch.tivopoc.common.TestTivoPOCUnit.test(TestTivoPOCUnit.java:50)
	at junit.framework.TestCase.runTest(TestCase.java:176)
	at junit.framework.TestCase.runBare(TestCase.java:141)
	at junit.framework.TestResult$1.protect(TestResult.java:122)
	at junit.framework.TestResult.runProtected(TestResult.java:142)
	at junit.framework.TestResult.run(TestResult.java:125)
	at junit.framework.TestCase.run(TestCase.java:129)
	at junit.framework.TestSuite.runTest(TestSuite.java:255)
	at junit.framework.TestSuite.run(TestSuite.java:250)
	at org.junit.internal.runners.JUnit38ClassRunner.run(JUnit38ClassRunner.java:84)
	at org.junit.runners.Suite.runChild(Suite.java:127)
	at org.junit.runners.Suite.runChild(Suite.java:26)
	at org.junit.runners.ParentRunner$3.run(ParentRunner.java:238)
	at org.junit.runners.ParentRunner$1.schedule(ParentRunner.java:63)
	at org.junit.runners.ParentRunner.runChildren(ParentRunner.java:236)
	at org.junit.runners.ParentRunner.access$000(ParentRunner.java:53)
	at org.junit.runners.ParentRunner$2.evaluate(ParentRunner.java:229)
	at org.junit.runners.ParentRunner.run(ParentRunner.java:309)
	at org.junit.runner.JUnitCore.run(JUnitCore.java:160)
	at org.junit.runner.JUnitCore.run(JUnitCore.java:138)
... Removed 33 stack frames</div></td></tr></table><p class="totop"><a href="#summary">back to summary</a></p><h3 id="m6">com.etouch.tivopoc.pages.test.TestTivo#testAddAShow</h3><table class="result"></table><p class="totop"><a href="#summary">back to summary</a></p><h3 id="m7">com.etouch.tivopoc.pages.test.TestTivo#testDeleteAShow</h3><table class="result"></table><p class="totop"><a href="#summary">back to summary</a></p><h3 id="m8">com.etouch.tivopoc.pages.test.TestTivo#testSignIn</h3><table class="result"></table><p class="totop"><a href="#summary">back to summary</a></p><h3 id="m9">com.etouch.tivopoc.pages.test.TestTivo#testsignOut</h3><table class="result"></table><p class="totop"><a href="#summary">back to summary</a></p></body></html>