<?xml version="1.0" encoding="UTF-8"?>
<testng-results skipped="10" failed="0" total="10" passed="0">
  <reporter-output>
  </reporter-output>
  <suite name="Firefox Suite" duration-ms="3318896" started-at="2015-04-23T18:45:58Z" finished-at="2015-04-23T19:41:17Z">
    <groups>
    </groups>
    <test name="Firefox Test" duration-ms="3318896" started-at="2015-04-23T18:45:58Z" finished-at="2015-04-23T19:41:17Z">
      <class name="com.etouch.tivopoc.pages.test.TestTivo">
        <test-method status="FAIL" signature="setUpBeforeClass()[pri:0, instance:com.etouch.tivopoc.pages.test.TestTivo@39849daf]" name="setUpBeforeClass" is-config="true" duration-ms="0" started-at="2015-04-23T11:45:58Z" finished-at="2015-04-23T11:45:58Z">
          <exception class="org.openqa.selenium.remote.UnreachableBrowserException">
            <message>
              <![CDATA[Error communicating with the remote browser. It may have died.
Build info: version: '2.45.0', revision: '5017cb8e7ca8e37638dc3091b2440b90a1d8686f', time: '2015-02-27 09:10:26'
System info: host: 'pf01ntxq', ip: '192.168.141.195', os.name: 'Mac OS X', os.arch: 'x86_64', os.version: '10.9.5', java.version: '1.6.0_65'
Driver info: driver.version: RemoteWebDriver]]>
            </message>
            <full-stacktrace>
              <![CDATA[org.openqa.selenium.remote.UnreachableBrowserException: Error communicating with the remote browser. It may have died.
Build info: version: '2.45.0', revision: '5017cb8e7ca8e37638dc3091b2440b90a1d8686f', time: '2015-02-27 09:10:26'
System info: host: 'pf01ntxq', ip: '192.168.141.195', os.name: 'Mac OS X', os.arch: 'x86_64', os.version: '10.9.5', java.version: '1.6.0_65'
Driver info: driver.version: RemoteWebDriver
	at org.openqa.selenium.remote.RemoteWebDriver.execute(RemoteWebDriver.java:593)
	at org.openqa.selenium.remote.RemoteWebDriver.get(RemoteWebDriver.java:304)
	at com.etouch.taf.webui.selenium.WebPage.loadPage(WebPage.java:76)
	at com.etouch.tivopoc.common.CommonPage.loadPage(CommonPage.java:196)
	at com.etouch.tivopoc.pages.TivoPages.<init>(TivoPages.java:37)
	at com.etouch.tivopoc.pages.test.TestTivo.setUpBeforeClass(TestTivo.java:88)
	at sun.reflect.NativeMethodAccessorImpl.invoke0(Native Method)
	at sun.reflect.NativeMethodAccessorImpl.invoke(NativeMethodAccessorImpl.java:39)
	at sun.reflect.DelegatingMethodAccessorImpl.invoke(DelegatingMethodAccessorImpl.java:25)
	at java.lang.reflect.Method.invoke(Method.java:597)
	at org.testng.internal.MethodInvocationHelper.invokeMethod(MethodInvocationHelper.java:84)
	at org.testng.internal.Invoker.invokeConfigurationMethod(Invoker.java:564)
	at org.testng.internal.Invoker.invokeConfigurations(Invoker.java:213)
	at org.testng.internal.Invoker.invokeConfigurations(Invoker.java:138)
	at org.testng.internal.TestMethodWorker.invokeBeforeClassMethods(TestMethodWorker.java:175)
	at org.testng.internal.TestMethodWorker.run(TestMethodWorker.java:107)
	at org.testng.TestRunner.privateRun(TestRunner.java:767)
	at org.testng.TestRunner.run(TestRunner.java:617)
	at org.testng.SuiteRunner.runTest(SuiteRunner.java:348)
	at org.testng.SuiteRunner.runSequentially(SuiteRunner.java:343)
	at org.testng.SuiteRunner.privateRun(SuiteRunner.java:305)
	at org.testng.SuiteRunner.run(SuiteRunner.java:254)
	at org.testng.SuiteRunnerWorker.runSuite(SuiteRunnerWorker.java:52)
	at org.testng.SuiteRunnerWorker.run(SuiteRunnerWorker.java:86)
	at org.testng.TestNG.runSuitesSequentially(TestNG.java:1224)
	at org.testng.TestNG.runSuitesLocally(TestNG.java:1149)
	at org.testng.TestNG.run(TestNG.java:1057)
	at com.etouch.taf.core.TestBedManager.executeTestNG(TestBedManager.java:133)
	at com.etouch.tivopoc.common.TestTivoPOCUnit.initialize(TestTivoPOCUnit.java:80)
	at com.etouch.tivopoc.common.TestTivoPOCUnit.test(TestTivoPOCUnit.java:50)
	at sun.reflect.NativeMethodAccessorImpl.invoke0(Native Method)
	at sun.reflect.NativeMethodAccessorImpl.invoke(NativeMethodAccessorImpl.java:39)
	at sun.reflect.DelegatingMethodAccessorImpl.invoke(DelegatingMethodAccessorImpl.java:25)
	at java.lang.reflect.Method.invoke(Method.java:597)
	at junit.framework.TestCase.runTest(TestCase.java:176)
	at junit.framework.TestCase.runBare(TestCase.java:141)
	at junit.framework.TestResult$1.protect(TestResult.java:122)
	at junit.framework.TestResult.runProtected(TestResult.java:142)
	at junit.framework.TestResult.run(TestResult.java:125)
	at junit.framework.TestCase.run(TestCase.java:129)
	at junit.framework.TestSuite.runTest(TestSuite.java:255)
	at junit.framework.TestSuite.run(TestSuite.java:250)
	at org.junit.internal.runners.JUnit38ClassRunner.run(JUnit38ClassRunner.java:84)
	at org.junit.runners.Suite.runChild(Suite.java:127)
	at org.junit.runners.Suite.runChild(Suite.java:26)
	at org.junit.runners.ParentRunner$3.run(ParentRunner.java:238)
	at org.junit.runners.ParentRunner$1.schedule(ParentRunner.java:63)
	at org.junit.runners.ParentRunner.runChildren(ParentRunner.java:236)
	at org.junit.runners.ParentRunner.access$000(ParentRunner.java:53)
	at org.junit.runners.ParentRunner$2.evaluate(ParentRunner.java:229)
	at org.junit.runners.ParentRunner.run(ParentRunner.java:309)
	at org.junit.runner.JUnitCore.run(JUnitCore.java:160)
	at org.junit.runner.JUnitCore.run(JUnitCore.java:138)
	at org.apache.maven.surefire.junitcore.JUnitCoreWrapper.createRequestAndRun(JUnitCoreWrapper.java:113)
	at org.apache.maven.surefire.junitcore.JUnitCoreWrapper.executeEager(JUnitCoreWrapper.java:85)
	at org.apache.maven.surefire.junitcore.JUnitCoreWrapper.execute(JUnitCoreWrapper.java:54)
	at org.apache.maven.surefire.junitcore.JUnitCoreProvider.invoke(JUnitCoreProvider.java:134)
	at org.apache.maven.surefire.booter.ForkedBooter.invokeProviderInSameClassLoader(ForkedBooter.java:200)
	at org.apache.maven.surefire.booter.ForkedBooter.runSuitesInProcess(ForkedBooter.java:153)
	at org.apache.maven.surefire.booter.ForkedBooter.main(ForkedBooter.java:103)
Caused by: org.apache.http.conn.HttpHostConnectException: Connect to 127.0.0.1:7056 [/127.0.0.1] failed: Connection refused
	at org.apache.http.impl.conn.HttpClientConnectionOperator.connect(HttpClientConnectionOperator.java:140)
	at org.apache.http.impl.conn.PoolingHttpClientConnectionManager.connect(PoolingHttpClientConnectionManager.java:314)
	at org.apache.http.impl.execchain.MainClientExec.establishRoute(MainClientExec.java:363)
	at org.apache.http.impl.execchain.MainClientExec.execute(MainClientExec.java:219)
	at org.apache.http.impl.execchain.ProtocolExec.execute(ProtocolExec.java:195)
	at org.apache.http.impl.execchain.RetryExec.execute(RetryExec.java:86)
	at org.apache.http.impl.execchain.RedirectExec.execute(RedirectExec.java:108)
	at org.apache.http.impl.client.InternalHttpClient.doExecute(InternalHttpClient.java:186)
	at org.apache.http.impl.client.CloseableHttpClient.execute(CloseableHttpClient.java:72)
	at org.apache.http.impl.client.CloseableHttpClient.execute(CloseableHttpClient.java:57)
	at org.openqa.selenium.remote.internal.ApacheHttpClient.fallBackExecute(ApacheHttpClient.java:144)
	at org.openqa.selenium.remote.internal.ApacheHttpClient.execute(ApacheHttpClient.java:72)
	at org.openqa.selenium.remote.HttpCommandExecutor.execute(HttpCommandExecutor.java:133)
	at org.openqa.selenium.firefox.internal.NewProfileExtensionConnection.execute(NewProfileExtensionConnection.java:165)
	at org.openqa.selenium.firefox.FirefoxDriver$LazyCommandExecutor.execute(FirefoxDriver.java:362)
	at org.openqa.selenium.remote.RemoteWebDriver.execute(RemoteWebDriver.java:572)
	... 59 more
Caused by: java.net.ConnectException: Connection refused
	at java.net.PlainSocketImpl.socketConnect(Native Method)
	at java.net.PlainSocketImpl.doConnect(PlainSocketImpl.java:382)
	at java.net.PlainSocketImpl.connectToAddress(PlainSocketImpl.java:241)
	at java.net.PlainSocketImpl.connect(PlainSocketImpl.java:228)
	at java.net.SocksSocketImpl.connect(SocksSocketImpl.java:431)
	at java.net.Socket.connect(Socket.java:527)
	at org.apache.http.conn.socket.PlainConnectionSocketFactory.connectSocket(PlainConnectionSocketFactory.java:72)
	at org.apache.http.impl.conn.HttpClientConnectionOperator.connect(HttpClientConnectionOperator.java:117)
	... 74 more
]]>
            </full-stacktrace>
          </exception> <!-- org.openqa.selenium.remote.UnreachableBrowserException -->
          <reporter-output>
          </reporter-output>
        </test-method> <!-- setUpBeforeClass -->
        <test-method status="SKIP" signature="printTimeTaken(java.lang.reflect.Method)[pri:0, instance:com.etouch.tivopoc.pages.test.TestTivo@39849daf]" name="printTimeTaken" is-config="true" duration-ms="0" started-at="2015-04-23T12:41:16Z" finished-at="2015-04-23T12:41:16Z">
          <reporter-output>
          </reporter-output>
        </test-method> <!-- printTimeTaken -->
        <test-method status="SKIP" signature="printTimeStart(java.lang.reflect.Method)[pri:0, instance:com.etouch.tivopoc.pages.test.TestTivo@39849daf]" name="printTimeStart" is-config="true" duration-ms="0" started-at="2015-04-23T12:41:16Z" finished-at="2015-04-23T12:41:16Z">
          <reporter-output>
          </reporter-output>
        </test-method> <!-- printTimeStart -->
        <test-method status="SKIP" signature="testSignIn()[pri:0, instance:com.etouch.tivopoc.pages.test.TestTivo@39849daf]" name="testSignIn" duration-ms="0" started-at="2015-04-23T12:41:16Z" finished-at="2015-04-23T12:41:16Z">
          <reporter-output>
          </reporter-output>
        </test-method> <!-- testSignIn -->
        <test-method status="SKIP" signature="testAddAShow()[pri:0, instance:com.etouch.tivopoc.pages.test.TestTivo@39849daf]" name="testAddAShow" duration-ms="1" started-at="2015-04-23T12:41:16Z" finished-at="2015-04-23T12:41:16Z">
          <reporter-output>
          </reporter-output>
        </test-method> <!-- testAddAShow -->
        <test-method status="SKIP" signature="printTimeStart(java.lang.reflect.Method)[pri:0, instance:com.etouch.tivopoc.pages.test.TestTivo@39849daf]" name="printTimeStart" is-config="true" duration-ms="0" started-at="2015-04-23T12:41:16Z" finished-at="2015-04-23T12:41:16Z">
          <reporter-output>
          </reporter-output>
        </test-method> <!-- printTimeStart -->
        <test-method status="SKIP" signature="printTimeStart(java.lang.reflect.Method)[pri:0, instance:com.etouch.tivopoc.pages.test.TestTivo@39849daf]" name="printTimeStart" is-config="true" duration-ms="0" started-at="2015-04-23T12:41:16Z" finished-at="2015-04-23T12:41:16Z">
          <reporter-output>
          </reporter-output>
        </test-method> <!-- printTimeStart -->
        <test-method status="SKIP" signature="testDeleteAShow()[pri:0, instance:com.etouch.tivopoc.pages.test.TestTivo@39849daf]" name="testDeleteAShow" duration-ms="1" started-at="2015-04-23T12:41:16Z" finished-at="2015-04-23T12:41:16Z">
          <reporter-output>
          </reporter-output>
        </test-method> <!-- testDeleteAShow -->
        <test-method status="SKIP" signature="printTimeTaken(java.lang.reflect.Method)[pri:0, instance:com.etouch.tivopoc.pages.test.TestTivo@39849daf]" name="printTimeTaken" is-config="true" duration-ms="0" started-at="2015-04-23T12:41:16Z" finished-at="2015-04-23T12:41:16Z">
          <reporter-output>
          </reporter-output>
        </test-method> <!-- printTimeTaken -->
        <test-method status="SKIP" signature="printTimeTaken(java.lang.reflect.Method)[pri:0, instance:com.etouch.tivopoc.pages.test.TestTivo@39849daf]" name="printTimeTaken" is-config="true" duration-ms="0" started-at="2015-04-23T12:41:16Z" finished-at="2015-04-23T12:41:16Z">
          <reporter-output>
          </reporter-output>
        </test-method> <!-- printTimeTaken -->
        <test-method status="SKIP" signature="printTimeStart(java.lang.reflect.Method)[pri:0, instance:com.etouch.tivopoc.pages.test.TestTivo@39849daf]" name="printTimeStart" is-config="true" duration-ms="0" started-at="2015-04-23T12:41:17Z" finished-at="2015-04-23T12:41:17Z">
          <reporter-output>
          </reporter-output>
        </test-method> <!-- printTimeStart -->
        <test-method status="SKIP" signature="testSearchForAShow(com.etouch.taf.core.datamanager.excel.TestParameters)[pri:0, instance:com.etouch.tivopoc.pages.test.TestTivo@39849daf]" name="testSearchForAShow" duration-ms="1" started-at="2015-04-23T12:41:17Z" data-provider="tafDataProvider" finished-at="2015-04-23T12:41:17Z">
          <params>
            <param index="0">
              <value>
                <![CDATA[com.etouch.taf.core.datamanager.excel.TestParameters@45a1472d]]>
              </value>
            </param>
          </params>
          <reporter-output>
          </reporter-output>
        </test-method> <!-- testSearchForAShow -->
        <test-method status="SKIP" signature="printTimeTaken(java.lang.reflect.Method)[pri:0, instance:com.etouch.tivopoc.pages.test.TestTivo@39849daf]" name="printTimeTaken" is-config="true" duration-ms="0" started-at="2015-04-23T12:41:17Z" finished-at="2015-04-23T12:41:17Z">
          <reporter-output>
          </reporter-output>
        </test-method> <!-- printTimeTaken -->
        <test-method status="SKIP" signature="printTimeStart(java.lang.reflect.Method)[pri:0, instance:com.etouch.tivopoc.pages.test.TestTivo@39849daf]" name="printTimeStart" is-config="true" duration-ms="0" started-at="2015-04-23T12:41:17Z" finished-at="2015-04-23T12:41:17Z">
          <reporter-output>
          </reporter-output>
        </test-method> <!-- printTimeStart -->
        <test-method status="SKIP" signature="testsignOut()[pri:0, instance:com.etouch.tivopoc.pages.test.TestTivo@39849daf]" name="testsignOut" duration-ms="1" started-at="2015-04-23T12:41:17Z" finished-at="2015-04-23T12:41:17Z">
          <reporter-output>
          </reporter-output>
        </test-method> <!-- testsignOut -->
        <test-method status="SKIP" signature="printTimeTaken(java.lang.reflect.Method)[pri:0, instance:com.etouch.tivopoc.pages.test.TestTivo@39849daf]" name="printTimeTaken" is-config="true" duration-ms="0" started-at="2015-04-23T12:41:17Z" finished-at="2015-04-23T12:41:17Z">
          <reporter-output>
          </reporter-output>
        </test-method> <!-- printTimeTaken -->
        <test-method status="FAIL" signature="tearDown()[pri:0, instance:com.etouch.tivopoc.pages.test.TestTivo@39849daf]" name="tearDown" is-config="true" duration-ms="0" started-at="2015-04-23T12:41:17Z" finished-at="2015-04-23T12:41:17Z">
          <exception class="org.openqa.selenium.remote.UnreachableBrowserException">
            <message>
              <![CDATA[Error communicating with the remote browser. It may have died.
Build info: version: '2.45.0', revision: '5017cb8e7ca8e37638dc3091b2440b90a1d8686f', time: '2015-02-27 09:10:26'
System info: host: 'pf01ntxq', ip: '192.168.141.195', os.name: 'Mac OS X', os.arch: 'x86_64', os.version: '10.9.5', java.version: '1.6.0_65'
Driver info: driver.version: RemoteWebDriver]]>
            </message>
            <full-stacktrace>
              <![CDATA[org.openqa.selenium.remote.UnreachableBrowserException: Error communicating with the remote browser. It may have died.
Build info: version: '2.45.0', revision: '5017cb8e7ca8e37638dc3091b2440b90a1d8686f', time: '2015-02-27 09:10:26'
System info: host: 'pf01ntxq', ip: '192.168.141.195', os.name: 'Mac OS X', os.arch: 'x86_64', os.version: '10.9.5', java.version: '1.6.0_65'
Driver info: driver.version: RemoteWebDriver
	at org.openqa.selenium.remote.RemoteWebDriver.execute(RemoteWebDriver.java:593)
	at org.openqa.selenium.remote.RemoteWebDriver.execute(RemoteWebDriver.java:622)
	at org.openqa.selenium.remote.RemoteWebDriver.quit(RemoteWebDriver.java:468)
	at com.etouch.tivopoc.common.BaseTest.tearDown(BaseTest.java:170)
	at sun.reflect.NativeMethodAccessorImpl.invoke0(Native Method)
	at sun.reflect.NativeMethodAccessorImpl.invoke(NativeMethodAccessorImpl.java:39)
	at sun.reflect.DelegatingMethodAccessorImpl.invoke(DelegatingMethodAccessorImpl.java:25)
	at java.lang.reflect.Method.invoke(Method.java:597)
	at org.testng.internal.MethodInvocationHelper.invokeMethod(MethodInvocationHelper.java:84)
	at org.testng.internal.Invoker.invokeConfigurationMethod(Invoker.java:564)
	at org.testng.internal.Invoker.invokeConfigurations(Invoker.java:213)
	at org.testng.internal.Invoker.invokeConfigurations(Invoker.java:138)
	at org.testng.internal.TestMethodWorker.invokeAfterClassMethods(TestMethodWorker.java:225)
	at org.testng.internal.TestMethodWorker.run(TestMethodWorker.java:114)
	at org.testng.TestRunner.privateRun(TestRunner.java:767)
	at org.testng.TestRunner.run(TestRunner.java:617)
	at org.testng.SuiteRunner.runTest(SuiteRunner.java:348)
	at org.testng.SuiteRunner.runSequentially(SuiteRunner.java:343)
	at org.testng.SuiteRunner.privateRun(SuiteRunner.java:305)
	at org.testng.SuiteRunner.run(SuiteRunner.java:254)
	at org.testng.SuiteRunnerWorker.runSuite(SuiteRunnerWorker.java:52)
	at org.testng.SuiteRunnerWorker.run(SuiteRunnerWorker.java:86)
	at org.testng.TestNG.runSuitesSequentially(TestNG.java:1224)
	at org.testng.TestNG.runSuitesLocally(TestNG.java:1149)
	at org.testng.TestNG.run(TestNG.java:1057)
	at com.etouch.taf.core.TestBedManager.executeTestNG(TestBedManager.java:133)
	at com.etouch.tivopoc.common.TestTivoPOCUnit.initialize(TestTivoPOCUnit.java:80)
	at com.etouch.tivopoc.common.TestTivoPOCUnit.test(TestTivoPOCUnit.java:50)
	at sun.reflect.NativeMethodAccessorImpl.invoke0(Native Method)
	at sun.reflect.NativeMethodAccessorImpl.invoke(NativeMethodAccessorImpl.java:39)
	at sun.reflect.DelegatingMethodAccessorImpl.invoke(DelegatingMethodAccessorImpl.java:25)
	at java.lang.reflect.Method.invoke(Method.java:597)
	at junit.framework.TestCase.runTest(TestCase.java:176)
	at junit.framework.TestCase.runBare(TestCase.java:141)
	at junit.framework.TestResult$1.protect(TestResult.java:122)
	at junit.framework.TestResult.runProtected(TestResult.java:142)
	at junit.framework.TestResult.run(TestResult.java:125)
	at junit.framework.TestCase.run(TestCase.java:129)
	at junit.framework.TestSuite.runTest(TestSuite.java:255)
	at junit.framework.TestSuite.run(TestSuite.java:250)
	at org.junit.internal.runners.JUnit38ClassRunner.run(JUnit38ClassRunner.java:84)
	at org.junit.runners.Suite.runChild(Suite.java:127)
	at org.junit.runners.Suite.runChild(Suite.java:26)
	at org.junit.runners.ParentRunner$3.run(ParentRunner.java:238)
	at org.junit.runners.ParentRunner$1.schedule(ParentRunner.java:63)
	at org.junit.runners.ParentRunner.runChildren(ParentRunner.java:236)
	at org.junit.runners.ParentRunner.access$000(ParentRunner.java:53)
	at org.junit.runners.ParentRunner$2.evaluate(ParentRunner.java:229)
	at org.junit.runners.ParentRunner.run(ParentRunner.java:309)
	at org.junit.runner.JUnitCore.run(JUnitCore.java:160)
	at org.junit.runner.JUnitCore.run(JUnitCore.java:138)
	at org.apache.maven.surefire.junitcore.JUnitCoreWrapper.createRequestAndRun(JUnitCoreWrapper.java:113)
	at org.apache.maven.surefire.junitcore.JUnitCoreWrapper.executeEager(JUnitCoreWrapper.java:85)
	at org.apache.maven.surefire.junitcore.JUnitCoreWrapper.execute(JUnitCoreWrapper.java:54)
	at org.apache.maven.surefire.junitcore.JUnitCoreProvider.invoke(JUnitCoreProvider.java:134)
	at org.apache.maven.surefire.booter.ForkedBooter.invokeProviderInSameClassLoader(ForkedBooter.java:200)
	at org.apache.maven.surefire.booter.ForkedBooter.runSuitesInProcess(ForkedBooter.java:153)
	at org.apache.maven.surefire.booter.ForkedBooter.main(ForkedBooter.java:103)
Caused by: org.apache.http.conn.HttpHostConnectException: Connect to 127.0.0.1:7056 [/127.0.0.1] failed: Connection refused
	at org.apache.http.impl.conn.HttpClientConnectionOperator.connect(HttpClientConnectionOperator.java:140)
	at org.apache.http.impl.conn.PoolingHttpClientConnectionManager.connect(PoolingHttpClientConnectionManager.java:314)
	at org.apache.http.impl.execchain.MainClientExec.establishRoute(MainClientExec.java:363)
	at org.apache.http.impl.execchain.MainClientExec.execute(MainClientExec.java:219)
	at org.apache.http.impl.execchain.ProtocolExec.execute(ProtocolExec.java:195)
	at org.apache.http.impl.execchain.RetryExec.execute(RetryExec.java:86)
	at org.apache.http.impl.execchain.RedirectExec.execute(RedirectExec.java:108)
	at org.apache.http.impl.client.InternalHttpClient.doExecute(InternalHttpClient.java:186)
	at org.apache.http.impl.client.CloseableHttpClient.execute(CloseableHttpClient.java:72)
	at org.apache.http.impl.client.CloseableHttpClient.execute(CloseableHttpClient.java:57)
	at org.openqa.selenium.remote.internal.ApacheHttpClient.fallBackExecute(ApacheHttpClient.java:126)
	at org.openqa.selenium.remote.internal.ApacheHttpClient.execute(ApacheHttpClient.java:72)
	at org.openqa.selenium.remote.HttpCommandExecutor.execute(HttpCommandExecutor.java:133)
	at org.openqa.selenium.firefox.internal.NewProfileExtensionConnection.execute(NewProfileExtensionConnection.java:165)
	at org.openqa.selenium.firefox.FirefoxDriver$LazyCommandExecutor.execute(FirefoxDriver.java:362)
	at org.openqa.selenium.remote.RemoteWebDriver.execute(RemoteWebDriver.java:572)
	... 57 more
Caused by: java.net.ConnectException: Connection refused
	at java.net.PlainSocketImpl.socketConnect(Native Method)
	at java.net.PlainSocketImpl.doConnect(PlainSocketImpl.java:382)
	at java.net.PlainSocketImpl.connectToAddress(PlainSocketImpl.java:241)
	at java.net.PlainSocketImpl.connect(PlainSocketImpl.java:228)
	at java.net.SocksSocketImpl.connect(SocksSocketImpl.java:431)
	at java.net.Socket.connect(Socket.java:527)
	at org.apache.http.conn.socket.PlainConnectionSocketFactory.connectSocket(PlainConnectionSocketFactory.java:72)
	at org.apache.http.impl.conn.HttpClientConnectionOperator.connect(HttpClientConnectionOperator.java:117)
	... 72 more
]]>
            </full-stacktrace>
          </exception> <!-- org.openqa.selenium.remote.UnreachableBrowserException -->
          <reporter-output>
          </reporter-output>
        </test-method> <!-- tearDown -->
      </class> <!-- com.etouch.tivopoc.pages.test.TestTivo -->
    </test> <!-- Firefox Test -->
  </suite> <!-- Firefox Suite -->
  <suite name="Chrome Suite" duration-ms="2640" started-at="2015-04-23T19:41:18Z" finished-at="2015-04-23T19:41:20Z">
    <groups>
    </groups>
    <test name="Chrome Test" duration-ms="2640" started-at="2015-04-23T19:41:18Z" finished-at="2015-04-23T19:41:20Z">
      <class name="com.etouch.tivopoc.pages.test.TestTivo">
        <test-method status="FAIL" signature="setUpBeforeClass()[pri:0, instance:com.etouch.tivopoc.pages.test.TestTivo@48fafd42]" name="setUpBeforeClass" is-config="true" duration-ms="0" started-at="2015-04-23T12:41:18Z" finished-at="2015-04-23T12:41:18Z">
          <exception class="org.openqa.selenium.WebDriverException">
            <message>
              <![CDATA[unknown error: No current window
JavaScript stack:
Error: No current window
    at checkForExtensionError (chrome-extension://aapnijgdinlhnhlmodcfapnahmbfebeb/background.js:14:17)
    at Object.callback (chrome-extension://aapnijgdinlhnhlmodcfapnahmbfebeb/background.js:67:5)
    at safeCallbackApply (extensions::sendRequest:21:15)
    at handleResponse (extensions::sendRequest:73:7)
  (Session info: chrome=42.0.2311.90)
  (Driver info: chromedriver=2.13.307650 (feffe1dd547ee7b5c16d38784cd0cd679dfd7850),platform=Mac OS X 10.9.5 x86_64) (WARNING: The server did not provide any stacktrace information)
Command duration or timeout: 50 milliseconds
Build info: version: '2.45.0', revision: '5017cb8e7ca8e37638dc3091b2440b90a1d8686f', time: '2015-02-27 09:10:26'
System info: host: 'pf01ntxq', ip: '192.168.141.195', os.name: 'Mac OS X', os.arch: 'x86_64', os.version: '10.9.5', java.version: '1.6.0_65'
Session ID: c8d6f9995dee9ee527a9752b2c6f94bd
Driver info: org.openqa.selenium.chrome.ChromeDriver
Capabilities [{platform=MAC, acceptSslCerts=true, javascriptEnabled=true, browserName=chrome, chrome={userDataDir=/var/folders/ym/jj0lsck57g39n6kt1_h08l3w0000gw/T/.org.chromium.Chromium.KB7ovL}, rotatable=false, locationContextEnabled=true, mobileEmulationEnabled=false, version=42.0.2311.90, takesHeapSnapshot=true, cssSelectorsEnabled=true, databaseEnabled=false, handlesAlerts=true, browserConnectionEnabled=false, webStorageEnabled=true, nativeEvents=true, applicationCacheEnabled=false, takesScreenshot=true}]]]>
            </message>
            <full-stacktrace>
              <![CDATA[org.openqa.selenium.WebDriverException: unknown error: No current window
JavaScript stack:
Error: No current window
    at checkForExtensionError (chrome-extension://aapnijgdinlhnhlmodcfapnahmbfebeb/background.js:14:17)
    at Object.callback (chrome-extension://aapnijgdinlhnhlmodcfapnahmbfebeb/background.js:67:5)
    at safeCallbackApply (extensions::sendRequest:21:15)
    at handleResponse (extensions::sendRequest:73:7)
  (Session info: chrome=42.0.2311.90)
  (Driver info: chromedriver=2.13.307650 (feffe1dd547ee7b5c16d38784cd0cd679dfd7850),platform=Mac OS X 10.9.5 x86_64) (WARNING: The server did not provide any stacktrace information)
Command duration or timeout: 50 milliseconds
Build info: version: '2.45.0', revision: '5017cb8e7ca8e37638dc3091b2440b90a1d8686f', time: '2015-02-27 09:10:26'
System info: host: 'pf01ntxq', ip: '192.168.141.195', os.name: 'Mac OS X', os.arch: 'x86_64', os.version: '10.9.5', java.version: '1.6.0_65'
Session ID: c8d6f9995dee9ee527a9752b2c6f94bd
Driver info: org.openqa.selenium.chrome.ChromeDriver
Capabilities [{platform=MAC, acceptSslCerts=true, javascriptEnabled=true, browserName=chrome, chrome={userDataDir=/var/folders/ym/jj0lsck57g39n6kt1_h08l3w0000gw/T/.org.chromium.Chromium.KB7ovL}, rotatable=false, locationContextEnabled=true, mobileEmulationEnabled=false, version=42.0.2311.90, takesHeapSnapshot=true, cssSelectorsEnabled=true, databaseEnabled=false, handlesAlerts=true, browserConnectionEnabled=false, webStorageEnabled=true, nativeEvents=true, applicationCacheEnabled=false, takesScreenshot=true}]
	at sun.reflect.NativeConstructorAccessorImpl.newInstance0(Native Method)
	at sun.reflect.NativeConstructorAccessorImpl.newInstance(NativeConstructorAccessorImpl.java:39)
	at sun.reflect.DelegatingConstructorAccessorImpl.newInstance(DelegatingConstructorAccessorImpl.java:27)
	at java.lang.reflect.Constructor.newInstance(Constructor.java:513)
	at org.openqa.selenium.remote.ErrorHandler.createThrowable(ErrorHandler.java:204)
	at org.openqa.selenium.remote.ErrorHandler.throwIfResponseFailed(ErrorHandler.java:156)
	at org.openqa.selenium.remote.RemoteWebDriver.execute(RemoteWebDriver.java:599)
	at org.openqa.selenium.remote.RemoteWebDriver$RemoteWebDriverOptions$RemoteWindow.maximize(RemoteWebDriver.java:837)
	at com.etouch.taf.webui.selenium.WebPage.loadPage(WebPage.java:79)
	at com.etouch.tivopoc.common.CommonPage.loadPage(CommonPage.java:196)
	at com.etouch.tivopoc.pages.TivoPages.<init>(TivoPages.java:37)
	at com.etouch.tivopoc.pages.test.TestTivo.setUpBeforeClass(TestTivo.java:88)
	at sun.reflect.NativeMethodAccessorImpl.invoke0(Native Method)
	at sun.reflect.NativeMethodAccessorImpl.invoke(NativeMethodAccessorImpl.java:39)
	at sun.reflect.DelegatingMethodAccessorImpl.invoke(DelegatingMethodAccessorImpl.java:25)
	at java.lang.reflect.Method.invoke(Method.java:597)
	at org.testng.internal.MethodInvocationHelper.invokeMethod(MethodInvocationHelper.java:84)
	at org.testng.internal.Invoker.invokeConfigurationMethod(Invoker.java:564)
	at org.testng.internal.Invoker.invokeConfigurations(Invoker.java:213)
	at org.testng.internal.Invoker.invokeConfigurations(Invoker.java:138)
	at org.testng.internal.TestMethodWorker.invokeBeforeClassMethods(TestMethodWorker.java:175)
	at org.testng.internal.TestMethodWorker.run(TestMethodWorker.java:107)
	at org.testng.TestRunner.privateRun(TestRunner.java:767)
	at org.testng.TestRunner.run(TestRunner.java:617)
	at org.testng.SuiteRunner.runTest(SuiteRunner.java:348)
	at org.testng.SuiteRunner.runSequentially(SuiteRunner.java:343)
	at org.testng.SuiteRunner.privateRun(SuiteRunner.java:305)
	at org.testng.SuiteRunner.run(SuiteRunner.java:254)
	at org.testng.SuiteRunnerWorker.runSuite(SuiteRunnerWorker.java:52)
	at org.testng.SuiteRunnerWorker.run(SuiteRunnerWorker.java:86)
	at org.testng.TestNG.runSuitesSequentially(TestNG.java:1224)
	at org.testng.TestNG.runSuitesLocally(TestNG.java:1149)
	at org.testng.TestNG.run(TestNG.java:1057)
	at com.etouch.taf.core.TestBedManager.executeTestNG(TestBedManager.java:133)
	at com.etouch.tivopoc.common.TestTivoPOCUnit.initialize(TestTivoPOCUnit.java:80)
	at com.etouch.tivopoc.common.TestTivoPOCUnit.test(TestTivoPOCUnit.java:50)
	at sun.reflect.NativeMethodAccessorImpl.invoke0(Native Method)
	at sun.reflect.NativeMethodAccessorImpl.invoke(NativeMethodAccessorImpl.java:39)
	at sun.reflect.DelegatingMethodAccessorImpl.invoke(DelegatingMethodAccessorImpl.java:25)
	at java.lang.reflect.Method.invoke(Method.java:597)
	at junit.framework.TestCase.runTest(TestCase.java:176)
	at junit.framework.TestCase.runBare(TestCase.java:141)
	at junit.framework.TestResult$1.protect(TestResult.java:122)
	at junit.framework.TestResult.runProtected(TestResult.java:142)
	at junit.framework.TestResult.run(TestResult.java:125)
	at junit.framework.TestCase.run(TestCase.java:129)
	at junit.framework.TestSuite.runTest(TestSuite.java:255)
	at junit.framework.TestSuite.run(TestSuite.java:250)
	at org.junit.internal.runners.JUnit38ClassRunner.run(JUnit38ClassRunner.java:84)
	at org.junit.runners.Suite.runChild(Suite.java:127)
	at org.junit.runners.Suite.runChild(Suite.java:26)
	at org.junit.runners.ParentRunner$3.run(ParentRunner.java:238)
	at org.junit.runners.ParentRunner$1.schedule(ParentRunner.java:63)
	at org.junit.runners.ParentRunner.runChildren(ParentRunner.java:236)
	at org.junit.runners.ParentRunner.access$000(ParentRunner.java:53)
	at org.junit.runners.ParentRunner$2.evaluate(ParentRunner.java:229)
	at org.junit.runners.ParentRunner.run(ParentRunner.java:309)
	at org.junit.runner.JUnitCore.run(JUnitCore.java:160)
	at org.junit.runner.JUnitCore.run(JUnitCore.java:138)
	at org.apache.maven.surefire.junitcore.JUnitCoreWrapper.createRequestAndRun(JUnitCoreWrapper.java:113)
	at org.apache.maven.surefire.junitcore.JUnitCoreWrapper.executeEager(JUnitCoreWrapper.java:85)
	at org.apache.maven.surefire.junitcore.JUnitCoreWrapper.execute(JUnitCoreWrapper.java:54)
	at org.apache.maven.surefire.junitcore.JUnitCoreProvider.invoke(JUnitCoreProvider.java:134)
	at org.apache.maven.surefire.booter.ForkedBooter.invokeProviderInSameClassLoader(ForkedBooter.java:200)
	at org.apache.maven.surefire.booter.ForkedBooter.runSuitesInProcess(ForkedBooter.java:153)
	at org.apache.maven.surefire.booter.ForkedBooter.main(ForkedBooter.java:103)
]]>
            </full-stacktrace>
          </exception> <!-- org.openqa.selenium.WebDriverException -->
          <reporter-output>
          </reporter-output>
        </test-method> <!-- setUpBeforeClass -->
        <test-method status="SKIP" signature="testSignIn()[pri:0, instance:com.etouch.tivopoc.pages.test.TestTivo@48fafd42]" name="testSignIn" duration-ms="0" started-at="2015-04-23T12:41:20Z" finished-at="2015-04-23T12:41:20Z">
          <reporter-output>
          </reporter-output>
        </test-method> <!-- testSignIn -->
        <test-method status="SKIP" signature="printTimeStart(java.lang.reflect.Method)[pri:0, instance:com.etouch.tivopoc.pages.test.TestTivo@48fafd42]" name="printTimeStart" is-config="true" duration-ms="0" started-at="2015-04-23T12:41:20Z" finished-at="2015-04-23T12:41:20Z">
          <reporter-output>
          </reporter-output>
        </test-method> <!-- printTimeStart -->
        <test-method status="SKIP" signature="printTimeTaken(java.lang.reflect.Method)[pri:0, instance:com.etouch.tivopoc.pages.test.TestTivo@48fafd42]" name="printTimeTaken" is-config="true" duration-ms="0" started-at="2015-04-23T12:41:20Z" finished-at="2015-04-23T12:41:20Z">
          <reporter-output>
          </reporter-output>
        </test-method> <!-- printTimeTaken -->
        <test-method status="SKIP" signature="printTimeTaken(java.lang.reflect.Method)[pri:0, instance:com.etouch.tivopoc.pages.test.TestTivo@48fafd42]" name="printTimeTaken" is-config="true" duration-ms="0" started-at="2015-04-23T12:41:20Z" finished-at="2015-04-23T12:41:20Z">
          <reporter-output>
          </reporter-output>
        </test-method> <!-- printTimeTaken -->
        <test-method status="SKIP" signature="testAddAShow()[pri:0, instance:com.etouch.tivopoc.pages.test.TestTivo@48fafd42]" name="testAddAShow" duration-ms="0" started-at="2015-04-23T12:41:20Z" finished-at="2015-04-23T12:41:20Z">
          <reporter-output>
          </reporter-output>
        </test-method> <!-- testAddAShow -->
        <test-method status="SKIP" signature="printTimeStart(java.lang.reflect.Method)[pri:0, instance:com.etouch.tivopoc.pages.test.TestTivo@48fafd42]" name="printTimeStart" is-config="true" duration-ms="0" started-at="2015-04-23T12:41:20Z" finished-at="2015-04-23T12:41:20Z">
          <reporter-output>
          </reporter-output>
        </test-method> <!-- printTimeStart -->
        <test-method status="SKIP" signature="printTimeTaken(java.lang.reflect.Method)[pri:0, instance:com.etouch.tivopoc.pages.test.TestTivo@48fafd42]" name="printTimeTaken" is-config="true" duration-ms="0" started-at="2015-04-23T12:41:20Z" finished-at="2015-04-23T12:41:20Z">
          <reporter-output>
          </reporter-output>
        </test-method> <!-- printTimeTaken -->
        <test-method status="SKIP" signature="printTimeStart(java.lang.reflect.Method)[pri:0, instance:com.etouch.tivopoc.pages.test.TestTivo@48fafd42]" name="printTimeStart" is-config="true" duration-ms="0" started-at="2015-04-23T12:41:20Z" finished-at="2015-04-23T12:41:20Z">
          <reporter-output>
          </reporter-output>
        </test-method> <!-- printTimeStart -->
        <test-method status="SKIP" signature="testDeleteAShow()[pri:0, instance:com.etouch.tivopoc.pages.test.TestTivo@48fafd42]" name="testDeleteAShow" duration-ms="0" started-at="2015-04-23T12:41:20Z" finished-at="2015-04-23T12:41:20Z">
          <reporter-output>
          </reporter-output>
        </test-method> <!-- testDeleteAShow -->
        <test-method status="SKIP" signature="printTimeStart(java.lang.reflect.Method)[pri:0, instance:com.etouch.tivopoc.pages.test.TestTivo@48fafd42]" name="printTimeStart" is-config="true" duration-ms="0" started-at="2015-04-23T12:41:20Z" finished-at="2015-04-23T12:41:20Z">
          <reporter-output>
          </reporter-output>
        </test-method> <!-- printTimeStart -->
        <test-method status="SKIP" signature="printTimeTaken(java.lang.reflect.Method)[pri:0, instance:com.etouch.tivopoc.pages.test.TestTivo@48fafd42]" name="printTimeTaken" is-config="true" duration-ms="0" started-at="2015-04-23T12:41:20Z" finished-at="2015-04-23T12:41:20Z">
          <reporter-output>
          </reporter-output>
        </test-method> <!-- printTimeTaken -->
        <test-method status="SKIP" signature="printTimeStart(java.lang.reflect.Method)[pri:0, instance:com.etouch.tivopoc.pages.test.TestTivo@48fafd42]" name="printTimeStart" is-config="true" duration-ms="0" started-at="2015-04-23T12:41:20Z" finished-at="2015-04-23T12:41:20Z">
          <reporter-output>
          </reporter-output>
        </test-method> <!-- printTimeStart -->
        <test-method status="SKIP" signature="printTimeTaken(java.lang.reflect.Method)[pri:0, instance:com.etouch.tivopoc.pages.test.TestTivo@48fafd42]" name="printTimeTaken" is-config="true" duration-ms="0" started-at="2015-04-23T12:41:20Z" finished-at="2015-04-23T12:41:20Z">
          <reporter-output>
          </reporter-output>
        </test-method> <!-- printTimeTaken -->
        <test-method status="SKIP" signature="testSearchForAShow(com.etouch.taf.core.datamanager.excel.TestParameters)[pri:0, instance:com.etouch.tivopoc.pages.test.TestTivo@48fafd42]" name="testSearchForAShow" duration-ms="0" started-at="2015-04-23T12:41:20Z" data-provider="tafDataProvider" finished-at="2015-04-23T12:41:20Z">
          <params>
            <param index="0">
              <value>
                <![CDATA[com.etouch.taf.core.datamanager.excel.TestParameters@45a1472d]]>
              </value>
            </param>
          </params>
          <reporter-output>
          </reporter-output>
        </test-method> <!-- testSearchForAShow -->
        <test-method status="SKIP" signature="testsignOut()[pri:0, instance:com.etouch.tivopoc.pages.test.TestTivo@48fafd42]" name="testsignOut" duration-ms="0" started-at="2015-04-23T12:41:20Z" finished-at="2015-04-23T12:41:20Z">
          <reporter-output>
          </reporter-output>
        </test-method> <!-- testsignOut -->
        <test-method status="PASS" signature="tearDown()[pri:0, instance:com.etouch.tivopoc.pages.test.TestTivo@48fafd42]" name="tearDown" is-config="true" duration-ms="557" started-at="2015-04-23T12:41:20Z" finished-at="2015-04-23T12:41:20Z">
          <reporter-output>
          </reporter-output>
        </test-method> <!-- tearDown -->
      </class> <!-- com.etouch.tivopoc.pages.test.TestTivo -->
    </test> <!-- Chrome Test -->
  </suite> <!-- Chrome Suite -->
</testng-results>
