<?xml version="1.0" encoding="UTF-8"?>
<!-- Generated by org.testng.reporters.JUnitXMLReporter -->
<testsuite name="Chrome Test" tests="5" failures="1" timestamp="21 Apr 2015 21:45:35 GMT" time="82.147" errors="0">
  <testcase name="testSignIn" time="17.166" classname="com.etouch.tivopoc.pages.test.TestTivo"/>
  <testcase name="testAddAShow" time="20.562" classname="com.etouch.tivopoc.pages.test.TestTivo"/>
  <testcase name="testDeleteAShow" time="18.503" classname="com.etouch.tivopoc.pages.test.TestTivo"/>
  <testcase name="testSearchForAShow" time="7.926" classname="com.etouch.tivopoc.pages.test.TestTivo">
    <failure type="java.lang.AssertionError" message="searchForAShow-AssertErrorMsg: Exception msg: expected [House of Cards] but found [No search results found for: House of Cards]
deleteAShow-AssertErrorMsg: Exception msg: expected [The Big Bang Theory] but found [The Simpsons]
">
      <![CDATA[java.lang.AssertionError: searchForAShow-AssertErrorMsg: Exception msg: expected [House of Cards] but found [No search results found for: House of Cards]
deleteAShow-AssertErrorMsg: Exception msg: expected [The Big Bang Theory] but found [The Simpsons]

	at com.etouch.taf.util.SoftAssertor.displayErrors(SoftAssertor.java:198)
	at com.etouch.tivopoc.pages.test.TestTivo.testSearchForAShow(TestTivo.java:163)
	at com.etouch.taf.core.TestBedManager.executeTestNG(TestBedManager.java:133)
	at com.etouch.tivopoc.common.TestTivoPOCUnit.initialize(TestTivoPOCUnit.java:80)
	at com.etouch.tivopoc.common.TestTivoPOCUnit.test(TestTivoPOCUnit.java:50)
	at junit.framework.TestCase.runTest(TestCase.java:176)
	at junit.framework.TestCase.runBare(TestCase.java:141)
	at junit.framework.TestResult$1.protect(TestResult.java:122)
	at junit.framework.TestResult.runProtected(TestResult.java:142)
	at junit.framework.TestResult.run(TestResult.java:125)
	at junit.framework.TestCase.run(TestCase.java:129)
	at junit.framework.TestSuite.runTest(TestSuite.java:255)
	at junit.framework.TestSuite.run(TestSuite.java:250)
	at org.junit.internal.runners.JUnit38ClassRunner.run(JUnit38ClassRunner.java:84)
	at org.junit.runners.Suite.runChild(Suite.java:127)
	at org.junit.runners.Suite.runChild(Suite.java:26)
	at org.junit.runners.ParentRunner$3.run(ParentRunner.java:238)
	at org.junit.runners.ParentRunner$1.schedule(ParentRunner.java:63)
	at org.junit.runners.ParentRunner.runChildren(ParentRunner.java:236)
	at org.junit.runners.ParentRunner.access$000(ParentRunner.java:53)
	at org.junit.runners.ParentRunner$2.evaluate(ParentRunner.java:229)
	at org.junit.runners.ParentRunner.run(ParentRunner.java:309)
	at org.junit.runner.JUnitCore.run(JUnitCore.java:160)
	at org.junit.runner.JUnitCore.run(JUnitCore.java:138)
... Removed 33 stack frames]]>
    </failure>
  </testcase> <!-- testSearchForAShow -->
  <testcase name="testsignOut" time="12.153" classname="com.etouch.tivopoc.pages.test.TestTivo"/>
</testsuite> <!-- Chrome Test -->
