<?xml version="1.0" encoding="UTF-8"?>
<!-- Generated by org.testng.reporters.JUnitXMLReporter -->
<testsuite name="Firefox Test" tests="5" failures="0" timestamp="21 Apr 2015 23:33:30 GMT" time="5.208" errors="0">
  <testcase name="@BeforeClass setUpBeforeClass" time="0.0" classname="com.etouch.tivopoc.pages.test.TestTivo">
    <failure type="org.openqa.selenium.NoSuchWindowException" message="Window not found. The browser window may have been closed.
Command duration or timeout: 16 milliseconds
Build info: version: &amp;apos;2.44.0&amp;apos;, revision: &amp;apos;76d78cf323ce037c5f92db6c1bba601c2ac43ad8&amp;apos;, time: &amp;apos;2014-10-23 13:11:40&amp;apos;
System info: host: &amp;apos;N/A&amp;apos;, ip: &amp;apos;N/A&amp;apos;, os.name: &amp;apos;Mac OS X&amp;apos;, os.arch: &amp;apos;x86_64&amp;apos;, os.version: &amp;apos;10.9.5&amp;apos;, java.version: &amp;apos;1.7.0_60-ea&amp;apos;
Session ID: df2292f8-b1ee-1742-801e-e28467b89158
Driver info: org.openqa.selenium.firefox.FirefoxDriver
Capabilities [{platform=MAC, acceptSslCerts=true, javascriptEnabled=true, cssSelectorsEnabled=true, databaseEnabled=true, browserName=firefox, handlesAlerts=true, nativeEvents=false, webStorageEnabled=true, rotatable=false, locationContextEnabled=true, applicationCacheEnabled=true, takesScreenshot=true, version=35.0}]">
      <![CDATA[org.openqa.selenium.NoSuchWindowException: Window not found. The browser window may have been closed.
Command duration or timeout: 16 milliseconds
Build info: version: '2.44.0', revision: '76d78cf323ce037c5f92db6c1bba601c2ac43ad8', time: '2014-10-23 13:11:40'
System info: host: 'N/A', ip: 'N/A', os.name: 'Mac OS X', os.arch: 'x86_64', os.version: '10.9.5', java.version: '1.7.0_60-ea'
Session ID: df2292f8-b1ee-1742-801e-e28467b89158
Driver info: org.openqa.selenium.firefox.FirefoxDriver
Capabilities [{platform=MAC, acceptSslCerts=true, javascriptEnabled=true, cssSelectorsEnabled=true, databaseEnabled=true, browserName=firefox, handlesAlerts=true, nativeEvents=false, webStorageEnabled=true, rotatable=false, locationContextEnabled=true, applicationCacheEnabled=true, takesScreenshot=true, version=35.0}]
	at org.openqa.selenium.remote.ErrorHandler.createThrowable(ErrorHandler.java:204)
	at org.openqa.selenium.remote.ErrorHandler.throwIfResponseFailed(ErrorHandler.java:156)
	at org.openqa.selenium.remote.RemoteWebDriver.execute(RemoteWebDriver.java:599)
	at org.openqa.selenium.firefox.FirefoxDriver.access$100(FirefoxDriver.java:73)
	at org.openqa.selenium.firefox.FirefoxDriver$1$1.implicitlyWait(FirefoxDriver.java:219)
	at com.etouch.tivopoc.pages.TivoPages.<init>(TivoPages.java:35)
	at com.etouch.tivopoc.pages.test.TestTivo.setUpBeforeClass(TestTivo.java:88)
	at com.etouch.taf.core.TestBedManager.executeTestNG(TestBedManager.java:133)
	at com.etouch.tivopoc.common.TestTivoPOCUnit.initialize(TestTivoPOCUnit.java:80)
	at com.etouch.tivopoc.common.TestTivoPOCUnit.test(TestTivoPOCUnit.java:50)
	at junit.framework.TestCase.runTest(TestCase.java:176)
	at junit.framework.TestCase.runBare(TestCase.java:141)
	at junit.framework.TestResult$1.protect(TestResult.java:122)
	at junit.framework.TestResult.runProtected(TestResult.java:142)
	at junit.framework.TestResult.run(TestResult.java:125)
	at junit.framework.TestCase.run(TestCase.java:129)
	at junit.framework.TestSuite.runTest(TestSuite.java:255)
	at junit.framework.TestSuite.run(TestSuite.java:250)
	at org.junit.internal.runners.JUnit38ClassRunner.run(JUnit38ClassRunner.java:84)
	at org.junit.runners.Suite.runChild(Suite.java:127)
	at org.junit.runners.Suite.runChild(Suite.java:26)
	at org.junit.runners.ParentRunner$3.run(ParentRunner.java:238)
	at org.junit.runners.ParentRunner$1.schedule(ParentRunner.java:63)
	at org.junit.runners.ParentRunner.runChildren(ParentRunner.java:236)
	at org.junit.runners.ParentRunner.access$000(ParentRunner.java:53)
	at org.junit.runners.ParentRunner$2.evaluate(ParentRunner.java:229)
	at org.junit.runners.ParentRunner.run(ParentRunner.java:309)
	at org.junit.runner.JUnitCore.run(JUnitCore.java:160)
	at org.junit.runner.JUnitCore.run(JUnitCore.java:138)
Caused by: org.openqa.selenium.NoSuchWindowException: Window not found. The browser window may have been closed.
Build info: version: '2.44.0', revision: '76d78cf323ce037c5f92db6c1bba601c2ac43ad8', time: '2014-10-23 13:11:40'
System info: host: 'N/A', ip: 'N/A', os.name: 'Mac OS X', os.arch: 'x86_64', os.version: '10.9.5', java.version: '1.7.0_60-ea'
Driver info: driver.version: unknown
	at <anonymous class>.nsCommandProcessor.prototype.execute(file:///var/folders/qw/k4jkq4lj4sb1vpvl4zwjzw500000gn/T/anonymous2002746114927558475webdriver-profile/extensions/fxdriver@googlecode.com/components/command-processor.js:11706:23)
	at <anonymous class>.Dispatcher.executeAs/<(file:///var/folders/qw/k4jkq4lj4sb1vpvl4zwjzw500000gn/T/anonymous2002746114927558475webdriver-profile/extensions/fxdriver@googlecode.com/components/driver-component.js:8437:5)
	at <anonymous class>.Resource.prototype.handle(file:///var/folders/qw/k4jkq4lj4sb1vpvl4zwjzw500000gn/T/anonymous2002746114927558475webdriver-profile/extensions/fxdriver@googlecode.com/components/driver-component.js:8584:219)
	at <anonymous class>.Dispatcher.prototype.dispatch(file:///var/folders/qw/k4jkq4lj4sb1vpvl4zwjzw500000gn/T/anonymous2002746114927558475webdriver-profile/extensions/fxdriver@googlecode.com/components/driver-component.js:8531:36)
	at <anonymous class>.WebDriverServer/<.handle(file:///var/folders/qw/k4jkq4lj4sb1vpvl4zwjzw500000gn/T/anonymous2002746114927558475webdriver-profile/extensions/fxdriver@googlecode.com/components/driver-component.js:11489:5)
	at <anonymous class>.createHandlerFunc/<(file:///var/folders/qw/k4jkq4lj4sb1vpvl4zwjzw500000gn/T/anonymous2002746114927558475webdriver-profile/extensions/fxdriver@googlecode.com/components/httpd.js:1935:41)
	at <anonymous class>.ServerHandler.prototype.handleResponse(file:///var/folders/qw/k4jkq4lj4sb1vpvl4zwjzw500000gn/T/anonymous2002746114927558475webdriver-profile/extensions/fxdriver@googlecode.com/components/httpd.js:2261:15)
	at <anonymous class>.Connection.prototype.process(file:///var/folders/qw/k4jkq4lj4sb1vpvl4zwjzw500000gn/T/anonymous2002746114927558475webdriver-profile/extensions/fxdriver@googlecode.com/components/httpd.js:1168:5)
	at <anonymous class>.RequestReader.prototype._handleResponse(file:///var/folders/qw/k4jkq4lj4sb1vpvl4zwjzw500000gn/T/anonymous2002746114927558475webdriver-profile/extensions/fxdriver@googlecode.com/components/httpd.js:1616:5)
	at <anonymous class>.RequestReader.prototype._processBody(file:///var/folders/qw/k4jkq4lj4sb1vpvl4zwjzw500000gn/T/anonymous2002746114927558475webdriver-profile/extensions/fxdriver@googlecode.com/components/httpd.js:1464:9)
	at <anonymous class>.RequestReader.prototype.onInputStreamReady(file:///var/folders/qw/k4jkq4lj4sb1vpvl4zwjzw500000gn/T/anonymous2002746114927558475webdriver-profile/extensions/fxdriver@googlecode.com/components/httpd.js:1333:9)
... Removed 36 stack frames]]>
    </failure>
  </testcase> <!-- @BeforeClass setUpBeforeClass -->
  <testcase name="@BeforeMethod printTimeStart" time="0.0" classname="com.etouch.tivopoc.pages.test.TestTivo">
    <skipped/>
  </testcase> <!-- @BeforeMethod printTimeStart -->
  <testcase name="@AfterMethod printTimeTaken" time="0.0" classname="com.etouch.tivopoc.pages.test.TestTivo">
    <skipped/>
  </testcase> <!-- @AfterMethod printTimeTaken -->
  <testcase name="@BeforeMethod printTimeStart" time="0.0" classname="com.etouch.tivopoc.pages.test.TestTivo">
    <skipped/>
  </testcase> <!-- @BeforeMethod printTimeStart -->
  <testcase name="@AfterMethod printTimeTaken" time="0.0" classname="com.etouch.tivopoc.pages.test.TestTivo">
    <skipped/>
  </testcase> <!-- @AfterMethod printTimeTaken -->
  <testcase name="@BeforeMethod printTimeStart" time="0.0" classname="com.etouch.tivopoc.pages.test.TestTivo">
    <skipped/>
  </testcase> <!-- @BeforeMethod printTimeStart -->
  <testcase name="@AfterMethod printTimeTaken" time="0.0" classname="com.etouch.tivopoc.pages.test.TestTivo">
    <skipped/>
  </testcase> <!-- @AfterMethod printTimeTaken -->
  <testcase name="@BeforeMethod printTimeStart" time="0.0" classname="com.etouch.tivopoc.pages.test.TestTivo">
    <skipped/>
  </testcase> <!-- @BeforeMethod printTimeStart -->
  <testcase name="@AfterMethod printTimeTaken" time="0.0" classname="com.etouch.tivopoc.pages.test.TestTivo">
    <skipped/>
  </testcase> <!-- @AfterMethod printTimeTaken -->
  <testcase name="@BeforeMethod printTimeStart" time="0.0" classname="com.etouch.tivopoc.pages.test.TestTivo">
    <skipped/>
  </testcase> <!-- @BeforeMethod printTimeStart -->
  <testcase name="@AfterMethod printTimeTaken" time="0.0" classname="com.etouch.tivopoc.pages.test.TestTivo">
    <skipped/>
  </testcase> <!-- @AfterMethod printTimeTaken -->
  <testcase name="testSignIn" time="0.0" classname="com.etouch.tivopoc.pages.test.TestTivo">
    <skipped/>
  </testcase> <!-- testSignIn -->
  <testcase name="testAddAShow" time="0.0" classname="com.etouch.tivopoc.pages.test.TestTivo">
    <skipped/>
  </testcase> <!-- testAddAShow -->
  <testcase name="testDeleteAShow" time="0.0" classname="com.etouch.tivopoc.pages.test.TestTivo">
    <skipped/>
  </testcase> <!-- testDeleteAShow -->
  <testcase name="testSearchForAShow" time="0.0" classname="com.etouch.tivopoc.pages.test.TestTivo">
    <skipped/>
  </testcase> <!-- testSearchForAShow -->
  <testcase name="testsignOut" time="0.0" classname="com.etouch.tivopoc.pages.test.TestTivo">
    <skipped/>
  </testcase> <!-- testsignOut -->
</testsuite> <!-- Firefox Test -->
