<html>
<head>
<title>TestNG:  Firefox Test</title>
<link href="../testng.css" rel="stylesheet" type="text/css" />
<link href="../my-testng.css" rel="stylesheet" type="text/css" />

<style type="text/css">
.log { display: none;} 
.stack-trace { display: none;} 
</style>
<script type="text/javascript">
<!--
function flip(e) {
  current = e.style.display;
  if (current == 'block') {
    e.style.display = 'none';
    return 0;
  }
  else {
    e.style.display = 'block';
    return 1;
  }
}

function toggleBox(szDivId, elem, msg1, msg2)
{
  var res = -1;  if (document.getElementById) {
    res = flip(document.getElementById(szDivId));
  }
  else if (document.all) {
    // this is the way old msie versions work
    res = flip(document.all[szDivId]);
  }
  if(elem) {
    if(res == 0) elem.innerHTML = msg1; else elem.innerHTML = msg2;
  }

}

function toggleAllBoxes() {
  if (document.getElementsByTagName) {
    d = document.getElementsByTagName('div');
    for (i = 0; i < d.length; i++) {
      if (d[i].className == 'log') {
        flip(d[i]);
      }
    }
  }
}

// -->
</script>

</head>
<body>
<h2 align='center'>Firefox Test</h2><table border='1' align="center">
<tr>
<td>Tests passed/Failed/Skipped:</td><td>0/0/5</td>
</tr><tr>
<td>Started on:</td><td>Tue Apr 21 16:33:23 PDT 2015</td>
</tr>
<tr><td>Total time:</td><td>5 seconds (5208 ms)</td>
</tr><tr>
<td>Included groups:</td><td></td>
</tr><tr>
<td>Excluded groups:</td><td></td>
</tr>
</table><p/>
<small><i>(Hover the method name to see the test class name)</i></small><p/>
<table width='100%' border='1' class='invocation-failed'>
<tr><td colspan='4' align='center'><b>FAILED CONFIGURATIONS</b></td></tr>
<tr><td><b>Test method</b></td>
<td width="30%"><b>Exception</b></td>
<td width="10%"><b>Time (seconds)</b></td>
<td><b>Instance</b></td>
</tr>
<tr>
<td title='com.etouch.tivopoc.pages.test.TestTivo.setUpBeforeClass()'><b>setUpBeforeClass</b><br>Test class: com.etouch.tivopoc.pages.test.TestTivo</td>
<td><div><pre>org.openqa.selenium.NoSuchWindowException: Window not found. The browser window may have been closed.
Command duration or timeout: 16 milliseconds
Build info: version: &apos;2.44.0&apos;, revision: &apos;76d78cf323ce037c5f92db6c1bba601c2ac43ad8&apos;, time: &apos;2014-10-23 13:11:40&apos;
System info: host: &apos;N/A&apos;, ip: &apos;N/A&apos;, os.name: &apos;Mac OS X&apos;, os.arch: &apos;x86_64&apos;, os.version: &apos;10.9.5&apos;, java.version: &apos;1.7.0_60-ea&apos;
Session ID: df2292f8-b1ee-1742-801e-e28467b89158
Driver info: org.openqa.selenium.firefox.FirefoxDriver
Capabilities [{platform=MAC, acceptSslCerts=true, javascriptEnabled=true, cssSelectorsEnabled=true, databaseEnabled=true, browserName=firefox, handlesAlerts=true, nativeEvents=false, webStorageEnabled=true, rotatable=false, locationContextEnabled=true, applicationCacheEnabled=true, takesScreenshot=true, version=35.0}]
	at org.openqa.selenium.remote.ErrorHandler.createThrowable(ErrorHandler.java:204)
	at org.openqa.selenium.remote.ErrorHandler.throwIfResponseFailed(ErrorHandler.java:156)
	at org.openqa.selenium.remote.RemoteWebDriver.execute(RemoteWebDriver.java:599)
	at org.openqa.selenium.firefox.FirefoxDriver.access$100(FirefoxDriver.java:73)
	at org.openqa.selenium.firefox.FirefoxDriver$1$1.implicitlyWait(FirefoxDriver.java:219)
	at com.etouch.tivopoc.pages.TivoPages.&lt;init&gt;(TivoPages.java:35)
	at com.etouch.tivopoc.pages.test.TestTivo.setUpBeforeClass(TestTivo.java:88)
	at com.etouch.taf.core.TestBedManager.executeTestNG(TestBedManager.java:133)
	at com.etouch.tivopoc.common.TestTivoPOCUnit.initialize(TestTivoPOCUnit.java:80)
	at com.etouch.tivopoc.common.TestTivoPOCUnit.test(TestTivoPOCUnit.java:50)
	at junit.framework.TestCase.runTest(TestCase.java:176)
	at junit.framework.TestCase.runBare(TestCase.java:141)
	at junit.framework.TestResult$1.protect(TestResult.java:122)
	at junit.framework.TestResult.runProtected(TestResult.java:142)
	at junit.framework.TestResult.run(TestResult.java:125)
	at junit.framework.TestCase.run(TestCase.java:129)
	at junit.framework.TestSuite.runTest(TestSuite.java:255)
	at junit.framework.TestSuite.run(TestSuite.java:250)
	at org.junit.internal.runners.JUnit38ClassRunner.run(JUnit38ClassRunner.java:84)
	at org.junit.runners.Suite.runChild(Suite.java:127)
	at org.junit.runners.Suite.runChild(Suite.java:26)
	at org.junit.runners.ParentRunner$3.run(ParentRunner.java:238)
	at org.junit.runners.ParentRunner$1.schedule(ParentRunner.java:63)
	at org.junit.runners.ParentRunner.runChildren(ParentRunner.java:236)
	at org.junit.runners.ParentRunner.access$000(ParentRunner.java:53)
	at org.junit.runners.ParentRunner$2.evaluate(ParentRunner.java:229)
	at org.junit.runners.ParentRunner.run(ParentRunner.java:309)
	at org.junit.runner.JUnitCore.run(JUnitCore.java:160)
	at org.junit.runner.JUnitCore.run(JUnitCore.java:138)
Caused by: org.openqa.selenium.NoSuchWindowException: Window not found. The browser window may have been closed.
Build info: version: &apos;2.44.0&apos;, revision: &apos;76d78cf323ce037c5f92db6c1bba601c2ac43ad8&apos;, time: &apos;2014-10-23 13:11:40&apos;
System info: host: &apos;N/A&apos;, ip: &apos;N/A&apos;, os.name: &apos;Mac OS X&apos;, os.arch: &apos;x86_64&apos;, os.version: &apos;10.9.5&apos;, java.version: &apos;1.7.0_60-ea&apos;
Driver info: driver.version: unknown
	at &lt;anonymous class&gt;.nsCommandProcessor.prototype.execute(file:///var/folders/qw/k4jkq4lj4sb1vpvl4zwjzw500000gn/T/anonymous2002746114927558475webdriver-profile/extensions/fxdriver@googlecode.com/components/command-processor.js:11706:23)
	at &lt;anonymous class&gt;.Dispatcher.executeAs/&lt;(file:///var/folders/qw/k4jkq4lj4sb1vpvl4zwjzw500000gn/T/anonymous2002746114927558475webdriver-profile/extensions/fxdriver@googlecode.com/components/driver-component.js:8437:5)
	at &lt;anonymous class&gt;.Resource.prototype.handle(file:///var/folders/qw/k4jkq4lj4sb1vpvl4zwjzw500000gn/T/anonymous2002746114927558475webdriver-profile/extensions/fxdriver@googlecode.com/components/driver-component.js:8584:219)
	at &lt;anonymous class&gt;.Dispatcher.prototype.dispatch(file:///var/folders/qw/k4jkq4lj4sb1vpvl4zwjzw500000gn/T/anonymous2002746114927558475webdriver-profile/extensions/fxdriver@googlecode.com/components/driver-component.js:8531:36)
	at &lt;anonymous class&gt;.WebDriverServer/&lt;.handle(file:///var/folders/qw/k4jkq4lj4sb1vpvl4zwjzw500000gn/T/anonymous2002746114927558475webdriver-profile/extensions/fxdriver@googlecode.com/components/driver-component.js:11489:5)
	at &lt;anonymous class&gt;.createHandlerFunc/&lt;(file:///var/folders/qw/k4jkq4lj4sb1vpvl4zwjzw500000gn/T/anonymous2002746114927558475webdriver-profile/extensions/fxdriver@googlecode.com/components/httpd.js:1935:41)
	at &lt;anonymous class&gt;.ServerHandler.prototype.handleResponse(file:///var/folders/qw/k4jkq4lj4sb1vpvl4zwjzw500000gn/T/anonymous2002746114927558475webdriver-profile/extensions/fxdriver@googlecode.com/components/httpd.js:2261:15)
	at &lt;anonymous class&gt;.Connection.prototype.process(file:///var/folders/qw/k4jkq4lj4sb1vpvl4zwjzw500000gn/T/anonymous2002746114927558475webdriver-profile/extensions/fxdriver@googlecode.com/components/httpd.js:1168:5)
	at &lt;anonymous class&gt;.RequestReader.prototype._handleResponse(file:///var/folders/qw/k4jkq4lj4sb1vpvl4zwjzw500000gn/T/anonymous2002746114927558475webdriver-profile/extensions/fxdriver@googlecode.com/components/httpd.js:1616:5)
	at &lt;anonymous class&gt;.RequestReader.prototype._processBody(file:///var/folders/qw/k4jkq4lj4sb1vpvl4zwjzw500000gn/T/anonymous2002746114927558475webdriver-profile/extensions/fxdriver@googlecode.com/components/httpd.js:1464:9)
	at &lt;anonymous class&gt;.RequestReader.prototype.onInputStreamReady(file:///var/folders/qw/k4jkq4lj4sb1vpvl4zwjzw500000gn/T/anonymous2002746114927558475webdriver-profile/extensions/fxdriver@googlecode.com/components/httpd.js:1333:9)
... Removed 36 stack frames</pre></div><a href='#' onClick='toggleBox("stack-trace184223197", this, "Click to show all stack frames", "Click to hide stack frames")'>Click to show all stack frames</a>
<div class='stack-trace' id='stack-trace184223197'><pre>org.openqa.selenium.NoSuchWindowException: Window not found. The browser window may have been closed.
Command duration or timeout: 16 milliseconds
Build info: version: &apos;2.44.0&apos;, revision: &apos;76d78cf323ce037c5f92db6c1bba601c2ac43ad8&apos;, time: &apos;2014-10-23 13:11:40&apos;
System info: host: &apos;N/A&apos;, ip: &apos;N/A&apos;, os.name: &apos;Mac OS X&apos;, os.arch: &apos;x86_64&apos;, os.version: &apos;10.9.5&apos;, java.version: &apos;1.7.0_60-ea&apos;
Session ID: df2292f8-b1ee-1742-801e-e28467b89158
Driver info: org.openqa.selenium.firefox.FirefoxDriver
Capabilities [{platform=MAC, acceptSslCerts=true, javascriptEnabled=true, cssSelectorsEnabled=true, databaseEnabled=true, browserName=firefox, handlesAlerts=true, nativeEvents=false, webStorageEnabled=true, rotatable=false, locationContextEnabled=true, applicationCacheEnabled=true, takesScreenshot=true, version=35.0}]
	at sun.reflect.NativeConstructorAccessorImpl.newInstance0(Native Method)
	at sun.reflect.NativeConstructorAccessorImpl.newInstance(NativeConstructorAccessorImpl.java:57)
	at sun.reflect.DelegatingConstructorAccessorImpl.newInstance(DelegatingConstructorAccessorImpl.java:45)
	at java.lang.reflect.Constructor.newInstance(Constructor.java:526)
	at org.openqa.selenium.remote.ErrorHandler.createThrowable(ErrorHandler.java:204)
	at org.openqa.selenium.remote.ErrorHandler.throwIfResponseFailed(ErrorHandler.java:156)
	at org.openqa.selenium.remote.RemoteWebDriver.execute(RemoteWebDriver.java:599)
	at org.openqa.selenium.firefox.FirefoxDriver.access$100(FirefoxDriver.java:73)
	at org.openqa.selenium.firefox.FirefoxDriver$1$1.implicitlyWait(FirefoxDriver.java:219)
	at com.etouch.tivopoc.pages.TivoPages.&lt;init&gt;(TivoPages.java:35)
	at com.etouch.tivopoc.pages.test.TestTivo.setUpBeforeClass(TestTivo.java:88)
	at sun.reflect.NativeMethodAccessorImpl.invoke0(Native Method)
	at sun.reflect.NativeMethodAccessorImpl.invoke(NativeMethodAccessorImpl.java:57)
	at sun.reflect.DelegatingMethodAccessorImpl.invoke(DelegatingMethodAccessorImpl.java:43)
	at java.lang.reflect.Method.invoke(Method.java:606)
	at org.testng.internal.MethodInvocationHelper.invokeMethod(MethodInvocationHelper.java:84)
	at org.testng.internal.Invoker.invokeConfigurationMethod(Invoker.java:564)
	at org.testng.internal.Invoker.invokeConfigurations(Invoker.java:213)
	at org.testng.internal.Invoker.invokeConfigurations(Invoker.java:138)
	at org.testng.internal.TestMethodWorker.invokeBeforeClassMethods(TestMethodWorker.java:175)
	at org.testng.internal.TestMethodWorker.run(TestMethodWorker.java:107)
	at org.testng.TestRunner.privateRun(TestRunner.java:767)
	at org.testng.TestRunner.run(TestRunner.java:617)
	at org.testng.SuiteRunner.runTest(SuiteRunner.java:348)
	at org.testng.SuiteRunner.runSequentially(SuiteRunner.java:343)
	at org.testng.SuiteRunner.privateRun(SuiteRunner.java:305)
	at org.testng.SuiteRunner.run(SuiteRunner.java:254)
	at org.testng.SuiteRunnerWorker.runSuite(SuiteRunnerWorker.java:52)
	at org.testng.SuiteRunnerWorker.run(SuiteRunnerWorker.java:86)
	at org.testng.TestNG.runSuitesSequentially(TestNG.java:1224)
	at org.testng.TestNG.runSuitesLocally(TestNG.java:1149)
	at org.testng.TestNG.run(TestNG.java:1057)
	at com.etouch.taf.core.TestBedManager.executeTestNG(TestBedManager.java:133)
	at com.etouch.tivopoc.common.TestTivoPOCUnit.initialize(TestTivoPOCUnit.java:80)
	at com.etouch.tivopoc.common.TestTivoPOCUnit.test(TestTivoPOCUnit.java:50)
	at sun.reflect.NativeMethodAccessorImpl.invoke0(Native Method)
	at sun.reflect.NativeMethodAccessorImpl.invoke(NativeMethodAccessorImpl.java:57)
	at sun.reflect.DelegatingMethodAccessorImpl.invoke(DelegatingMethodAccessorImpl.java:43)
	at java.lang.reflect.Method.invoke(Method.java:606)
	at junit.framework.TestCase.runTest(TestCase.java:176)
	at junit.framework.TestCase.runBare(TestCase.java:141)
	at junit.framework.TestResult$1.protect(TestResult.java:122)
	at junit.framework.TestResult.runProtected(TestResult.java:142)
	at junit.framework.TestResult.run(TestResult.java:125)
	at junit.framework.TestCase.run(TestCase.java:129)
	at junit.framework.TestSuite.runTest(TestSuite.java:255)
	at junit.framework.TestSuite.run(TestSuite.java:250)
	at org.junit.internal.runners.JUnit38ClassRunner.run(JUnit38ClassRunner.java:84)
	at org.junit.runners.Suite.runChild(Suite.java:127)
	at org.junit.runners.Suite.runChild(Suite.java:26)
	at org.junit.runners.ParentRunner$3.run(ParentRunner.java:238)
	at org.junit.runners.ParentRunner$1.schedule(ParentRunner.java:63)
	at org.junit.runners.ParentRunner.runChildren(ParentRunner.java:236)
	at org.junit.runners.ParentRunner.access$000(ParentRunner.java:53)
	at org.junit.runners.ParentRunner$2.evaluate(ParentRunner.java:229)
	at org.junit.runners.ParentRunner.run(ParentRunner.java:309)
	at org.junit.runner.JUnitCore.run(JUnitCore.java:160)
	at org.junit.runner.JUnitCore.run(JUnitCore.java:138)
	at org.apache.maven.surefire.junitcore.JUnitCoreWrapper.createRequestAndRun(JUnitCoreWrapper.java:113)
	at org.apache.maven.surefire.junitcore.JUnitCoreWrapper.executeEager(JUnitCoreWrapper.java:85)
	at org.apache.maven.surefire.junitcore.JUnitCoreWrapper.execute(JUnitCoreWrapper.java:54)
	at org.apache.maven.surefire.junitcore.JUnitCoreProvider.invoke(JUnitCoreProvider.java:134)
	at org.apache.maven.surefire.booter.ForkedBooter.invokeProviderInSameClassLoader(ForkedBooter.java:200)
	at org.apache.maven.surefire.booter.ForkedBooter.runSuitesInProcess(ForkedBooter.java:153)
	at org.apache.maven.surefire.booter.ForkedBooter.main(ForkedBooter.java:103)
Caused by: org.openqa.selenium.NoSuchWindowException: Window not found. The browser window may have been closed.
Build info: version: &apos;2.44.0&apos;, revision: &apos;76d78cf323ce037c5f92db6c1bba601c2ac43ad8&apos;, time: &apos;2014-10-23 13:11:40&apos;
System info: host: &apos;N/A&apos;, ip: &apos;N/A&apos;, os.name: &apos;Mac OS X&apos;, os.arch: &apos;x86_64&apos;, os.version: &apos;10.9.5&apos;, java.version: &apos;1.7.0_60-ea&apos;
Driver info: driver.version: unknown
	at &lt;anonymous class&gt;.nsCommandProcessor.prototype.execute(file:///var/folders/qw/k4jkq4lj4sb1vpvl4zwjzw500000gn/T/anonymous2002746114927558475webdriver-profile/extensions/fxdriver@googlecode.com/components/command-processor.js:11706:23)
	at &lt;anonymous class&gt;.Dispatcher.executeAs/&lt;(file:///var/folders/qw/k4jkq4lj4sb1vpvl4zwjzw500000gn/T/anonymous2002746114927558475webdriver-profile/extensions/fxdriver@googlecode.com/components/driver-component.js:8437:5)
	at &lt;anonymous class&gt;.Resource.prototype.handle(file:///var/folders/qw/k4jkq4lj4sb1vpvl4zwjzw500000gn/T/anonymous2002746114927558475webdriver-profile/extensions/fxdriver@googlecode.com/components/driver-component.js:8584:219)
	at &lt;anonymous class&gt;.Dispatcher.prototype.dispatch(file:///var/folders/qw/k4jkq4lj4sb1vpvl4zwjzw500000gn/T/anonymous2002746114927558475webdriver-profile/extensions/fxdriver@googlecode.com/components/driver-component.js:8531:36)
	at &lt;anonymous class&gt;.WebDriverServer/&lt;.handle(file:///var/folders/qw/k4jkq4lj4sb1vpvl4zwjzw500000gn/T/anonymous2002746114927558475webdriver-profile/extensions/fxdriver@googlecode.com/components/driver-component.js:11489:5)
	at &lt;anonymous class&gt;.createHandlerFunc/&lt;(file:///var/folders/qw/k4jkq4lj4sb1vpvl4zwjzw500000gn/T/anonymous2002746114927558475webdriver-profile/extensions/fxdriver@googlecode.com/components/httpd.js:1935:41)
	at &lt;anonymous class&gt;.ServerHandler.prototype.handleResponse(file:///var/folders/qw/k4jkq4lj4sb1vpvl4zwjzw500000gn/T/anonymous2002746114927558475webdriver-profile/extensions/fxdriver@googlecode.com/components/httpd.js:2261:15)
	at &lt;anonymous class&gt;.Connection.prototype.process(file:///var/folders/qw/k4jkq4lj4sb1vpvl4zwjzw500000gn/T/anonymous2002746114927558475webdriver-profile/extensions/fxdriver@googlecode.com/components/httpd.js:1168:5)
	at &lt;anonymous class&gt;.RequestReader.prototype._handleResponse(file:///var/folders/qw/k4jkq4lj4sb1vpvl4zwjzw500000gn/T/anonymous2002746114927558475webdriver-profile/extensions/fxdriver@googlecode.com/components/httpd.js:1616:5)
	at &lt;anonymous class&gt;.RequestReader.prototype._processBody(file:///var/folders/qw/k4jkq4lj4sb1vpvl4zwjzw500000gn/T/anonymous2002746114927558475webdriver-profile/extensions/fxdriver@googlecode.com/components/httpd.js:1464:9)
	at &lt;anonymous class&gt;.RequestReader.prototype.onInputStreamReady(file:///var/folders/qw/k4jkq4lj4sb1vpvl4zwjzw500000gn/T/anonymous2002746114927558475webdriver-profile/extensions/fxdriver@googlecode.com/components/httpd.js:1333:9)
</pre></div></td>
<td>0</td>
<td>com.etouch.tivopoc.pages.test.TestTivo@7f057212</td></tr>
</table><p>
<table width='100%' border='1' class='invocation-skipped'>
<tr><td colspan='4' align='center'><b>SKIPPED CONFIGURATIONS</b></td></tr>
<tr><td><b>Test method</b></td>
<td width="30%"><b>Exception</b></td>
<td width="10%"><b>Time (seconds)</b></td>
<td><b>Instance</b></td>
</tr>
<tr>
<td title='com.etouch.tivopoc.pages.test.TestTivo.printTimeStart()'><b>printTimeStart</b><br>Test class: com.etouch.tivopoc.pages.test.TestTivo</td>
<td></td>
<td>0</td>
<td>com.etouch.tivopoc.pages.test.TestTivo@7f057212</td></tr>
<tr>
<td title='com.etouch.tivopoc.pages.test.TestTivo.printTimeStart()'><b>printTimeStart</b><br>Test class: com.etouch.tivopoc.pages.test.TestTivo</td>
<td></td>
<td>0</td>
<td>com.etouch.tivopoc.pages.test.TestTivo@7f057212</td></tr>
<tr>
<td title='com.etouch.tivopoc.pages.test.TestTivo.printTimeStart()'><b>printTimeStart</b><br>Test class: com.etouch.tivopoc.pages.test.TestTivo</td>
<td></td>
<td>0</td>
<td>com.etouch.tivopoc.pages.test.TestTivo@7f057212</td></tr>
<tr>
<td title='com.etouch.tivopoc.pages.test.TestTivo.printTimeStart()'><b>printTimeStart</b><br>Test class: com.etouch.tivopoc.pages.test.TestTivo</td>
<td></td>
<td>0</td>
<td>com.etouch.tivopoc.pages.test.TestTivo@7f057212</td></tr>
<tr>
<td title='com.etouch.tivopoc.pages.test.TestTivo.printTimeStart()'><b>printTimeStart</b><br>Test class: com.etouch.tivopoc.pages.test.TestTivo</td>
<td></td>
<td>0</td>
<td>com.etouch.tivopoc.pages.test.TestTivo@7f057212</td></tr>
<tr>
<td title='com.etouch.tivopoc.pages.test.TestTivo.printTimeTaken()'><b>printTimeTaken</b><br>Test class: com.etouch.tivopoc.pages.test.TestTivo</td>
<td></td>
<td>0</td>
<td>com.etouch.tivopoc.pages.test.TestTivo@7f057212</td></tr>
<tr>
<td title='com.etouch.tivopoc.pages.test.TestTivo.printTimeTaken()'><b>printTimeTaken</b><br>Test class: com.etouch.tivopoc.pages.test.TestTivo</td>
<td></td>
<td>0</td>
<td>com.etouch.tivopoc.pages.test.TestTivo@7f057212</td></tr>
<tr>
<td title='com.etouch.tivopoc.pages.test.TestTivo.printTimeTaken()'><b>printTimeTaken</b><br>Test class: com.etouch.tivopoc.pages.test.TestTivo</td>
<td></td>
<td>0</td>
<td>com.etouch.tivopoc.pages.test.TestTivo@7f057212</td></tr>
<tr>
<td title='com.etouch.tivopoc.pages.test.TestTivo.printTimeTaken()'><b>printTimeTaken</b><br>Test class: com.etouch.tivopoc.pages.test.TestTivo</td>
<td></td>
<td>0</td>
<td>com.etouch.tivopoc.pages.test.TestTivo@7f057212</td></tr>
<tr>
<td title='com.etouch.tivopoc.pages.test.TestTivo.printTimeTaken()'><b>printTimeTaken</b><br>Test class: com.etouch.tivopoc.pages.test.TestTivo</td>
<td></td>
<td>0</td>
<td>com.etouch.tivopoc.pages.test.TestTivo@7f057212</td></tr>
</table><p>
<table width='100%' border='1' class='invocation-skipped'>
<tr><td colspan='4' align='center'><b>SKIPPED TESTS</b></td></tr>
<tr><td><b>Test method</b></td>
<td width="30%"><b>Exception</b></td>
<td width="10%"><b>Time (seconds)</b></td>
<td><b>Instance</b></td>
</tr>
<tr>
<td title='com.etouch.tivopoc.pages.test.TestTivo.testAddAShow()'><b>testAddAShow</b><br>Test class: com.etouch.tivopoc.pages.test.TestTivo</td>
<td></td>
<td>0</td>
<td>com.etouch.tivopoc.pages.test.TestTivo@7f057212</td></tr>
<tr>
<td title='com.etouch.tivopoc.pages.test.TestTivo.testDeleteAShow()'><b>testDeleteAShow</b><br>Test class: com.etouch.tivopoc.pages.test.TestTivo</td>
<td></td>
<td>0</td>
<td>com.etouch.tivopoc.pages.test.TestTivo@7f057212</td></tr>
<tr>
<td title='com.etouch.tivopoc.pages.test.TestTivo.testSearchForAShow()'><b>testSearchForAShow</b><br>Test class: com.etouch.tivopoc.pages.test.TestTivo<br>Parameters: com.etouch.taf.core.datamanager.excel.TestParameters@4536ce86</td>
<td></td>
<td>0</td>
<td>com.etouch.tivopoc.pages.test.TestTivo@7f057212</td></tr>
<tr>
<td title='com.etouch.tivopoc.pages.test.TestTivo.testSignIn()'><b>testSignIn</b><br>Test class: com.etouch.tivopoc.pages.test.TestTivo</td>
<td></td>
<td>0</td>
<td>com.etouch.tivopoc.pages.test.TestTivo@7f057212</td></tr>
<tr>
<td title='com.etouch.tivopoc.pages.test.TestTivo.testsignOut()'><b>testsignOut</b><br>Test class: com.etouch.tivopoc.pages.test.TestTivo</td>
<td></td>
<td>0</td>
<td>com.etouch.tivopoc.pages.test.TestTivo@7f057212</td></tr>
</table><p>
</body>
</html>